[36m[1m02-10-2024 22:26:45 info START: server listening on http:127.0.0.1undefined[22m[39m
[36m[1m02-10-2024 22:26:49 info Successfully connected to database[22m[39m
[36m[1m02-10-2024 22:27:17 info START: server listening on http:127.0.0.1undefined[22m[39m
[36m[1m02-10-2024 22:27:19 info Successfully connected to database[22m[39m
[36m[1m02-10-2024 22:27:30 info START: server listening on http:127.0.0.14000[22m[39m
[36m[1m02-10-2024 22:27:34 info START: server listening on http:127.0.0.1:4000[22m[39m
[36m[1m02-10-2024 22:27:38 info Successfully connected to database[22m[39m
[36m[1m02-10-2024 22:34:32 info START: server listening on http:127.0.0.1:4000[22m[39m
[36m[1m02-10-2024 22:34:34 info Successfully connected to database[22m[39m
[36m[1m02-10-2024 22:36:26 info START: server listening on http:127.0.0.1:4000[22m[39m
[36m[1m02-10-2024 22:36:28 info Successfully connected to database[22m[39m
[36m[1m02-10-2024 22:36:32 info START: server listening on http:127.0.0.1:4000[22m[39m
[36m[1m02-10-2024 22:36:35 info Successfully connected to database[22m[39m
[36m[1m02-10-2024 22:36:45 info START: server listening on http:127.0.0.1:4000[22m[39m
[36m[1m02-10-2024 22:36:48 info Successfully connected to database[22m[39m
[36m[1m02-10-2024 22:37:45 info Successfully connected to database[22m[39m
[36m[1m02-10-2024 22:37:45 info START: server listening on http:127.0.0.1:4000[22m[39m
[36m[1m05-10-2024 12:18:00 info Successfully connected to database[22m[39m
[36m[1m05-10-2024 12:18:00 info START: server listening on http:127.0.0.1:4000[22m[39m
[36m[1m05-10-2024 12:19:29 info Successfully connected to database[22m[39m
[36m[1m05-10-2024 12:19:30 info START: server listening on http:127.0.0.1:4000[22m[39m
[36m[1m05-10-2024 12:20:00 info Successfully connected to database[22m[39m
[36m[1m05-10-2024 12:20:00 info START: server listening on http:127.0.0.1:4000[22m[39m
[36m[1m05-10-2024 12:21:05 info Successfully connected to database[22m[39m
[36m[1m05-10-2024 12:21:05 info START: server listening on http:127.0.0.1:4000[22m[39m
[36m[1m05-10-2024 12:21:24 info Successfully connected to database[22m[39m
[36m[1m05-10-2024 12:21:24 info START: server listening on http:127.0.0.1:4000[22m[39m
[36m[1m05-10-2024 12:26:02 info Successfully connected to database[22m[39m
[36m[1m05-10-2024 12:26:02 info START: server listening on http:127.0.0.1:4000[22m[39m
[36m[1m05-10-2024 12:27:34 info Successfully connected to database[22m[39m
[36m[1m05-10-2024 12:27:34 info START: server listening on http:127.0.0.1:4000[22m[39m
[31m[1m05-10-2024 12:28:32 error Failed to connect to database[22m[39m
[36m[1m05-10-2024 12:29:38 info Successfully connected to database[22m[39m
[36m[1m05-10-2024 12:29:38 info START: server listening on http:127.0.0.1:4000[22m[39m
[31m[1m05-10-2024 12:30:15 error Failed to connect to database[22m[39m
[36m[1m05-10-2024 13:00:03 info Successfully connected to database[22m[39m
[36m[1m05-10-2024 13:00:03 info START: server listening on http:127.0.0.1:4000[22m[39m
[36m[1m05-10-2024 13:05:48 info Successfully connected to database[22m[39m
[36m[1m05-10-2024 13:05:48 info START: server listening on http://127.0.0.1:4000[22m[39m
[36m[1m05-10-2024 13:11:13 info Successfully connected to database[22m[39m
[36m[1m05-10-2024 13:11:13 info START: server listening on http://localhost:4000[22m[39m
[36m[1m05-10-2024 13:17:23 info Successfully connected to database[22m[39m
[36m[1m05-10-2024 13:17:24 info START: server listening on http://localhost:4000[22m[39m
[36m[1m05-10-2024 13:18:01 info Successfully connected to database[22m[39m
[36m[1m05-10-2024 13:18:01 info START: server listening on http://localhost:4000[22m[39m
[36m[1m05-10-2024 13:18:32 info Successfully connected to database[22m[39m
[36m[1m05-10-2024 13:18:32 info START: server listening on http://localhost:4000[22m[39m
[36m[1m05-10-2024 20:03:27 info Successfully connected to database[22m[39m
[36m[1m05-10-2024 20:03:27 info START: server listening on http://localhost:4000[22m[39m
[31m[1m05-10-2024 20:03:57 error Failed to connect to database[22m[39m
[36m[1m05-10-2024 20:05:52 info Successfully connected to database[22m[39m
[36m[1m05-10-2024 20:05:52 info START: server listening on http://localhost:4000[22m[39m
[31m[1m05-10-2024 20:06:22 error Failed to connect to database[22m[39m
[36m[1m05-10-2024 20:12:11 info Successfully connected to database[22m[39m
[36m[1m05-10-2024 20:12:11 info START: server listening on http://localhost:4000[22m[39m
[36m[1m05-10-2024 20:22:12 info Successfully connected to database[22m[39m
[36m[1m05-10-2024 20:22:12 info START: server listening on http://localhost:5000[22m[39m
[36m[1m05-10-2024 20:29:01 info Successfully connected to database[22m[39m
[36m[1m05-10-2024 20:29:01 info START: server listening on http://localhost:undefined[22m[39m
[36m[1m05-10-2024 20:29:17 info Successfully connected to database[22m[39m
[36m[1m05-10-2024 20:29:17 info START: server listening on http://localhost:5000[22m[39m
[31m[1m05-10-2024 20:29:29 error [POST /api/auth/createUser/] Cannot read properties of undefined (reading 'NOT_FOUND')[22m[39m
[36m[1m05-10-2024 20:46:32 info Successfully connected to database[22m[39m
[36m[1m05-10-2024 20:46:32 info START: server listening on http://localhost:5000[22m[39m
[31m[1m05-10-2024 20:46:40 error [POST /api/auth/createUser/] Cannot read properties of undefined (reading 'NOT_FOUND')[22m[39m
[36m[1m05-10-2024 20:47:57 info Successfully connected to database[22m[39m
[36m[1m05-10-2024 20:47:57 info START: server listening on http://localhost:5000[22m[39m
[31m[1m05-10-2024 20:48:07 error [POST /api/auth/register/] Cannot read properties of undefined (reading 'NOT_FOUND')[22m[39m
[36m[1m05-10-2024 20:51:05 info Successfully connected to database[22m[39m
[36m[1m05-10-2024 20:51:05 info START: server listening on http://localhost:5000[22m[39m
[31m[1m05-10-2024 20:51:13 error [POST /api/auth/register/] Cannot read properties of undefined (reading 'NOT_FOUND')[22m[39m
[36m[1m05-10-2024 20:53:36 info Successfully connected to database[22m[39m
[36m[1m05-10-2024 20:53:36 info START: server listening on http://localhost:5000[22m[39m
[31m[1m05-10-2024 20:53:44 error [POST /api/auth/register/] Cannot read properties of undefined (reading 'NOT_FOUND')[22m[39m
[36m[1m05-10-2024 20:54:01 info Successfully connected to database[22m[39m
[36m[1m05-10-2024 20:54:01 info START: server listening on http://localhost:5000[22m[39m
[36m[1m05-10-2024 20:54:12 info Successfully connected to database[22m[39m
[36m[1m05-10-2024 20:54:12 info START: server listening on http://localhost:5000[22m[39m
[36m[1m05-10-2024 20:54:15 info Successfully connected to database[22m[39m
[36m[1m05-10-2024 20:54:15 info START: server listening on http://localhost:5000[22m[39m
[31m[1m05-10-2024 20:55:15 error [POST /api/auth/register/] Cannot read properties of undefined (reading 'NOT_FOUND')[22m[39m
[36m[1m05-10-2024 20:59:35 info Successfully connected to database[22m[39m
[36m[1m05-10-2024 20:59:35 info START: server listening on http://localhost:5000[22m[39m
[31m[1m05-10-2024 20:59:52 error [POST /api/auth/createUser/] Cannot read properties of undefined (reading 'NOT_FOUND')[22m[39m
[31m[1m05-10-2024 20:59:55 error [POST /api/auth/createUser/] Cannot read properties of undefined (reading 'NOT_FOUND')[22m[39m
[36m[1m05-10-2024 21:10:17 info Successfully connected to database[22m[39m
[36m[1m05-10-2024 21:10:17 info START: server listening on http://localhost:5000[22m[39m
[31m[1m05-10-2024 21:10:32 error [POST /api/auth/createUser/] Cannot read properties of undefined (reading 'NOT_FOUND')[22m[39m
[36m[1m05-10-2024 21:10:48 info Successfully connected to database[22m[39m
[36m[1m05-10-2024 21:10:48 info START: server listening on http://localhost:5000[22m[39m
[31m[1m05-10-2024 21:10:50 error [POST /api/auth/createUser/] Cannot read properties of undefined (reading 'NOT_FOUND')[22m[39m
[36m[1m05-10-2024 21:17:21 info Successfully connected to database[22m[39m
[36m[1m05-10-2024 21:17:21 info START: server listening on http://localhost:5000[22m[39m
[31m[1m05-10-2024 21:17:28 error [POST /api/auth/createUser/] Cannot read properties of undefined (reading 'NOT_FOUND')[22m[39m
[36m[1m05-10-2024 21:17:48 info Successfully connected to database[22m[39m
[36m[1m05-10-2024 21:17:48 info START: server listening on http://localhost:5000[22m[39m
[31m[1m05-10-2024 21:17:50 error [POST /api/auth/createUser/] Cannot read properties of undefined (reading 'NOT_FOUND')[22m[39m
[36m[1m05-10-2024 21:18:38 info Successfully connected to database[22m[39m
[36m[1m05-10-2024 21:18:38 info START: server listening on http://localhost:5000[22m[39m
[31m[1m05-10-2024 21:19:51 error [POST /api/auth/createUser/] Cannot read properties of undefined (reading 'NOT_FOUND')[22m[39m
[31m[1m05-10-2024 21:20:04 error [POST /api/auth/createUser/] Cannot read properties of undefined (reading 'NOT_FOUND')[22m[39m
[31m[1m05-10-2024 21:20:12 error [POST /api/auth/createUser/] Cannot read properties of undefined (reading 'NOT_FOUND')[22m[39m
[36m[1m05-10-2024 21:20:29 info Successfully connected to database[22m[39m
[36m[1m05-10-2024 21:20:29 info START: server listening on http://localhost:5000[22m[39m
[36m[1m05-10-2024 21:20:34 info START: Create User Service[22m[39m
[31m[1m05-10-2024 21:20:35 error users validation failed: username: Path `username` is required.[22m[39m
[36m[1m05-10-2024 21:20:59 info START: Create User Service[22m[39m
[36m[1m05-10-2024 21:20:59 info END: Create User Service[22m[39m
[36m[1m05-10-2024 21:21:11 info START: Create User Service[22m[39m
[31m[1m05-10-2024 21:21:11 error users validation failed: username: Path `username` is required.[22m[39m
[36m[1m05-10-2024 21:21:53 info Successfully connected to database[22m[39m
[36m[1m05-10-2024 21:21:53 info START: server listening on http://localhost:5000[22m[39m
[36m[1m05-10-2024 21:22:29 info Successfully connected to database[22m[39m
[36m[1m05-10-2024 21:22:29 info START: server listening on http://localhost:5000[22m[39m
[31m[1m05-10-2024 21:23:02 error [POST /api/auth/createUser/] Cannot read properties of undefined (reading 'NOT_FOUND')[22m[39m
[36m[1m05-10-2024 21:23:19 info Successfully connected to database[22m[39m
[36m[1m05-10-2024 21:23:19 info START: server listening on http://localhost:5000[22m[39m
[36m[1m05-10-2024 21:24:48 info Successfully connected to database[22m[39m
[36m[1m05-10-2024 21:24:48 info START: server listening on http://localhost:5000[22m[39m
[36m[1m05-10-2024 21:25:06 info START: Create User Service[22m[39m
[36m[1m05-10-2024 21:25:07 info END: Create User Service[22m[39m
[36m[1m05-10-2024 21:26:57 info START: Create User Service[22m[39m
[36m[1m05-10-2024 21:26:57 info END: Create User Service[22m[39m
[36m[1m05-10-2024 21:27:40 info Successfully connected to database[22m[39m
[36m[1m05-10-2024 21:27:40 info START: server listening on http://localhost:5000[22m[39m
[36m[1m05-10-2024 21:27:44 info START: Create User Service[22m[39m
[36m[1m05-10-2024 21:27:45 info END: Create User Service[22m[39m
[36m[1m05-10-2024 21:27:57 info Successfully connected to database[22m[39m
[36m[1m05-10-2024 21:27:57 info START: server listening on http://localhost:5000[22m[39m
[31m[1m05-10-2024 21:27:59 error [POST /api/auth/createUser/] Cannot read properties of undefined (reading 'NOT_FOUND')[22m[39m
[36m[1m05-10-2024 21:28:50 info Successfully connected to database[22m[39m
[36m[1m05-10-2024 21:28:50 info START: server listening on http://localhost:5000[22m[39m
[36m[1m05-10-2024 21:29:09 info START: Create User Service[22m[39m
[36m[1m05-10-2024 21:29:10 info END: Create User Service[22m[39m
[36m[1m05-10-2024 21:31:10 info START: Login Account Service[22m[39m
[36m[1m05-10-2024 21:31:42 info Successfully connected to database[22m[39m
[36m[1m05-10-2024 21:31:42 info START: server listening on http://localhost:5000[22m[39m
[36m[1m05-10-2024 21:31:48 info START: Login Account Service[22m[39m
[31m[1m05-10-2024 21:31:49 error generateToken is not defined[22m[39m
[36m[1m05-10-2024 21:32:30 info Successfully connected to database[22m[39m
[36m[1m05-10-2024 21:32:30 info START: server listening on http://localhost:5000[22m[39m
[36m[1m05-10-2024 21:32:46 info Successfully connected to database[22m[39m
[36m[1m05-10-2024 21:32:46 info START: server listening on http://localhost:5000[22m[39m
[36m[1m05-10-2024 21:32:53 info START: Login Account Service[22m[39m
[36m[1m05-10-2024 21:32:53 info END: Login Account Service[22m[39m
[36m[1m05-10-2024 21:35:42 info START: Reset Password Service[22m[39m
[36m[1m05-10-2024 21:36:02 info START: Create User Service[22m[39m
[36m[1m05-10-2024 21:36:03 info END: Create User Service[22m[39m
[36m[1m05-10-2024 21:36:10 info START: Login Account Service[22m[39m
[36m[1m05-10-2024 21:36:10 info END: Login Account Service[22m[39m
[36m[1m05-10-2024 21:37:10 info Successfully connected to database[22m[39m
[36m[1m05-10-2024 21:37:10 info START: server listening on http://localhost:5000[22m[39m
[36m[1m05-10-2024 21:37:26 info Successfully connected to database[22m[39m
[36m[1m05-10-2024 21:37:26 info START: server listening on http://localhost:5000[22m[39m
[36m[1m05-10-2024 21:37:40 info START: Login Account Service[22m[39m
[36m[1m05-10-2024 21:37:40 info END: Login Account Service[22m[39m
[36m[1m05-10-2024 21:37:47 info Successfully connected to database[22m[39m
[36m[1m05-10-2024 21:37:47 info START: server listening on http://localhost:5000[22m[39m
[36m[1m05-10-2024 21:37:54 info START: Reset Password Service[22m[39m
[36m[1m05-10-2024 21:37:55 info END: Reset Password Service[22m[39m
[36m[1m05-10-2024 21:54:15 info START: Login Account Service[22m[39m
[36m[1m05-10-2024 21:54:17 info END: Login Account Service[22m[39m
[36m[1m05-10-2024 21:54:33 info START: Login Account Service[22m[39m
[36m[1m05-10-2024 21:54:41 info START: Reset Password Service[22m[39m
[36m[1m05-10-2024 21:54:41 info END: Reset Password Service[22m[39m
[36m[1m05-10-2024 21:54:52 info START: Login Account Service[22m[39m
[36m[1m05-10-2024 21:54:59 info START: Login Account Service[22m[39m
[36m[1m05-10-2024 21:54:59 info END: Login Account Service[22m[39m
[36m[1m05-10-2024 21:58:40 info Successfully connected to database[22m[39m
[36m[1m05-10-2024 21:58:40 info START: server listening on http://localhost:5000[22m[39m
[36m[1m05-10-2024 22:03:38 info Successfully connected to database[22m[39m
[36m[1m05-10-2024 22:03:38 info START: server listening on http://localhost:5000[22m[39m
[31m[1m05-10-2024 22:03:38 error Failed to connect to database[22m[39m
[36m[1m05-10-2024 22:04:07 info Successfully connected to database[22m[39m
[36m[1m05-10-2024 22:04:07 info START: server listening on http://localhost:5000[22m[39m
[36m[1m05-10-2024 22:05:15 info Successfully connected to database[22m[39m
[36m[1m05-10-2024 22:05:15 info START: server listening on http://localhost:5000[22m[39m
[36m[1m05-10-2024 22:08:26 info Successfully connected to database[22m[39m
[36m[1m05-10-2024 22:08:26 info START: server listening on http://localhost:5000[22m[39m
[36m[1m05-10-2024 22:09:06 info Successfully connected to database[22m[39m
[36m[1m05-10-2024 22:09:06 info START: server listening on http://localhost:5000[22m[39m
[36m[1m05-10-2024 22:09:46 info Successfully connected to database[22m[39m
[36m[1m05-10-2024 22:09:46 info START: server listening on http://localhost:5000[22m[39m
[36m[1m05-10-2024 22:11:01 info Successfully connected to database[22m[39m
[36m[1m05-10-2024 22:11:01 info START: server listening on http://localhost:5000[22m[39m
[36m[1m05-10-2024 22:11:09 info Successfully connected to database[22m[39m
[36m[1m05-10-2024 22:11:09 info START: server listening on http://localhost:5000[22m[39m
[36m[1m05-10-2024 22:12:56 info START: Create Book Service[22m[39m
[36m[1m05-10-2024 22:12:56 info END: Create Book Service[22m[39m
[36m[1m05-10-2024 22:15:43 info START: GET Book Service[22m[39m
[36m[1m05-10-2024 22:15:44 info END: Get Book Service[22m[39m
[36m[1m05-10-2024 22:16:17 info START: Create Book Service[22m[39m
[36m[1m05-10-2024 22:16:18 info END: Create Book Service[22m[39m
[36m[1m05-10-2024 22:16:23 info START: GET Book Service[22m[39m
[36m[1m05-10-2024 22:16:23 info END: Get Book Service[22m[39m
[36m[1m05-10-2024 22:18:03 info Successfully connected to database[22m[39m
[36m[1m05-10-2024 22:18:03 info START: server listening on http://localhost:5000[22m[39m
[36m[1m05-10-2024 22:18:07 info START: GET Book Service[22m[39m
[31m[1m05-10-2024 22:18:07 error Books.findAll is not a function[22m[39m
[36m[1m05-10-2024 22:19:10 info Successfully connected to database[22m[39m
[36m[1m05-10-2024 22:19:10 info START: server listening on http://localhost:5000[22m[39m
[36m[1m05-10-2024 22:19:14 info START: GET Book Service[22m[39m
[36m[1m05-10-2024 22:19:14 info END: Get Book Service[22m[39m
[31m[1m05-10-2024 22:23:02 error Books.findAndUpdate is not a function[22m[39m
[36m[1m05-10-2024 22:23:54 info Successfully connected to database[22m[39m
[36m[1m05-10-2024 22:23:54 info START: server listening on http://localhost:5000[22m[39m
[31m[1m05-10-2024 22:24:32 error Cast to ObjectId failed for value "{[22m[39m
[31m[1m  _id: undefined,[22m[39m
[31m[1m  title: 'harry potter',[22m[39m
[31m[1m  author: 'Olayinkaaa the humble',[22m[39m
[31m[1m  genre: 'fantasy',[22m[39m
[31m[1m  createdBy: '6701a0a2f69e9ba8e16e3653'[22m[39m
[31m[1m}" (type Object) at path "_id" for model "books"[22m[39m
[31m[1m05-10-2024 22:28:14 error Cast to ObjectId failed for value "{[22m[39m
[31m[1m  _id: undefined,[22m[39m
[31m[1m  title: 'harry potter',[22m[39m
[31m[1m  author: 'Olayinkaaa the humble',[22m[39m
[31m[1m  genre: 'fantasy',[22m[39m
[31m[1m  createdBy: '6701a0a2f69e9ba8e16e3653'[22m[39m
[31m[1m}" (type Object) at path "_id" for model "books"[22m[39m
[36m[1m05-10-2024 22:29:42 info Successfully connected to database[22m[39m
[36m[1m05-10-2024 22:29:42 info START: server listening on http://localhost:5000[22m[39m
[36m[1m05-10-2024 22:31:51 info Successfully connected to database[22m[39m
[36m[1m05-10-2024 22:31:51 info START: server listening on http://localhost:5000[22m[39m
[36m[1m05-10-2024 22:32:26 info START: GET Book Service[22m[39m
[36m[1m05-10-2024 22:32:26 info END: Get Book Service[22m[39m
[36m[1m05-10-2024 22:34:20 info Successfully connected to database[22m[39m
[36m[1m05-10-2024 22:34:20 info START: server listening on http://localhost:5000[22m[39m
[31m[1m05-10-2024 22:34:25 error Cast to ObjectId failed for value "{ _id: undefined, createdBy: '6701a0a2f69e9ba8e16e3653' }" (type Object) at path "_id" for model "books"[22m[39m
[36m[1m05-10-2024 22:36:13 info Successfully connected to database[22m[39m
[36m[1m05-10-2024 22:36:13 info START: server listening on http://localhost:5000[22m[39m
[31m[1m05-10-2024 22:36:19 error Cast to ObjectId failed for value "{ _id: undefined, createdBy: '6701a0a2f69e9ba8e16e3653' }" (type Object) at path "_id" for model "books"[22m[39m
[31m[1m05-10-2024 22:37:33 error Cast to ObjectId failed for value "{ _id: undefined, createdBy: '6701a0a2f69e9ba8e16e3653' }" (type Object) at path "_id" for model "books"[22m[39m
[36m[1m05-10-2024 22:37:51 info Successfully connected to database[22m[39m
[36m[1m05-10-2024 22:37:51 info START: server listening on http://localhost:5000[22m[39m
[31m[1m05-10-2024 22:37:55 error Cast to ObjectId failed for value "{ _id: undefined, createdBy: '6701a0a2f69e9ba8e16e3653' }" (type Object) at path "_id" for model "books"[22m[39m
[36m[1m05-10-2024 22:38:08 info Successfully connected to database[22m[39m
[36m[1m05-10-2024 22:38:08 info START: server listening on http://localhost:5000[22m[39m
[36m[1m05-10-2024 22:38:25 info Successfully connected to database[22m[39m
[36m[1m05-10-2024 22:38:25 info START: server listening on http://localhost:5000[22m[39m
